<?xml version="1.0" encoding="UTF-8" ?>
<testsuite tests="10" failures="0" name="client.utilities.ParserXMLTest" time="0.157" errors="1" skipped="0">
  <properties>
[...]
</properties>
  <testcase classname="client.utilities.ParserXMLTest" name="testFaultyXml" time="0.086"/>
  <testcase classname="client.utilities.ParserXMLTest" name="verifySlide1TextElement1Content" time="0.01"/>
  <testcase classname="client.utilities.ParserXMLTest" name="verifyPresentationDefaults" time="0.007"/>
  <testcase classname="client.utilities.ParserXMLTest" name="verifyOtherContent" time="0.012">
    <error type="java.lang.NullPointerException">java.lang.NullPointerException
	at client.utilities.ParserXMLTest.verifyOtherContent(ParserXMLTest.java:156)
	at sun.reflect.NativeMethodAccessorImpl.invoke0(Native Method)
	at sun.reflect.NativeMethodAccessorImpl.invoke(NativeMethodAccessorImpl.java:62)
	at sun.reflect.DelegatingMethodAccessorImpl.invoke(DelegatingMethodAccessorImpl.java:43)
	at java.lang.reflect.Method.invoke(Method.java:498)
	at org.junit.runners.model.FrameworkMethod$1.runReflectiveCall(FrameworkMethod.java:47)
	at org.junit.internal.runners.model.ReflectiveCallable.run(ReflectiveCallable.java:12)
	at org.junit.runners.model.FrameworkMethod.invokeExplosively(FrameworkMethod.java:44)
	at org.junit.internal.runners.statements.InvokeMethod.evaluate(InvokeMethod.java:17)
	at org.junit.internal.runners.statements.RunBefores.evaluate(RunBefores.java:26)
	at org.junit.internal.runners.statements.RunAfters.evaluate(RunAfters.java:27)
	at org.junit.runners.ParentRunner.runLeaf(ParentRunner.java:271)
	at org.junit.runners.BlockJUnit4ClassRunner.runChild(BlockJUnit4ClassRunner.java:70)
	at org.junit.runners.BlockJUnit4ClassRunner.runChild(BlockJUnit4ClassRunner.java:50)
	at org.junit.runners.ParentRunner$3.run(ParentRunner.java:238)
	at org.junit.runners.ParentRunner$1.schedule(ParentRunner.java:63)
	at org.junit.runners.ParentRunner.runChildren(ParentRunner.java:236)
	at org.junit.runners.ParentRunner.access$000(ParentRunner.java:53)
	at org.junit.runners.ParentRunner$2.evaluate(ParentRunner.java:229)
	at org.junit.runners.ParentRunner.run(ParentRunner.java:309)
	at org.apache.maven.surefire.junit4.JUnit4Provider.execute(JUnit4Provider.java:252)
	at org.apache.maven.surefire.junit4.JUnit4Provider.executeTestSet(JUnit4Provider.java:141)
	at org.apache.maven.surefire.junit4.JUnit4Provider.invoke(JUnit4Provider.java:112)
	at sun.reflect.NativeMethodAccessorImpl.invoke0(Native Method)
	at sun.reflect.NativeMethodAccessorImpl.invoke(NativeMethodAccessorImpl.java:62)
	at sun.reflect.DelegatingMethodAccessorImpl.invoke(DelegatingMethodAccessorImpl.java:43)
	at java.lang.reflect.Method.invoke(Method.java:498)
	at org.apache.maven.surefire.util.ReflectionUtils.invokeMethodWithArray(ReflectionUtils.java:189)
	at org.apache.maven.surefire.booter.ProviderFactory$ProviderProxy.invoke(ProviderFactory.java:165)
	at org.apache.maven.surefire.booter.ProviderFactory.invokeProvider(ProviderFactory.java:85)
	at org.apache.maven.surefire.booter.ForkedBooter.runSuitesInProcess(ForkedBooter.java:115)
	at org.apache.maven.surefire.booter.ForkedBooter.main(ForkedBooter.java:75)
</error>
    <system-out>2017-03-22 17:19:54 INFO  ParserXML:31 - Path valid; XML loaded...

</system-out>
  </testcase>
  <testcase classname="client.utilities.ParserXMLTest" name="verifyDocumentDetails" time="0.005"/>
  <testcase classname="client.utilities.ParserXMLTest" name="verifyCreationOfPresentationAndID" time="0.007"/>
  <testcase classname="client.utilities.ParserXMLTest" name="verifyCreationOfSlideElements" time="0.006"/>
  <testcase classname="client.utilities.ParserXMLTest" name="verifyCreationOfSlidesAndIDs" time="0.006"/>
  <testcase classname="client.utilities.ParserXMLTest" name="verifyElementArraySizes" time="0.007"/>
  <testcase classname="client.utilities.ParserXMLTest" name="testEmptyXml" time="0.011"/>
</testsuite>